0 info it worked if it ends with ok
1 verbose cli [ 'C:\\Program Files (x86)\\nodejs\\node.exe',
1 verbose cli   'C:\\Users\\Misha\\AppData\\Roaming\\npm\\node_modules\\npm\\bin\\npm-cli.js',
1 verbose cli   'start' ]
2 info using npm@4.0.3
3 info using node@v4.3.0
4 verbose run-script [ 'prestart', 'start', 'poststart' ]
5 info lifecycle vue-ts-test@1.0.0~prestart: vue-ts-test@1.0.0
6 silly lifecycle vue-ts-test@1.0.0~prestart: no script for prestart, continuing
7 info lifecycle vue-ts-test@1.0.0~start: vue-ts-test@1.0.0
8 verbose lifecycle vue-ts-test@1.0.0~start: unsafe-perm in lifecycle true
9 verbose lifecycle vue-ts-test@1.0.0~start: PATH: C:\Users\Misha\AppData\Roaming\npm\node_modules\npm\bin\node-gyp-bin;F:\sensorySource\vueTest\node_modules\.bin;C:\ProgramData\Oracle\Java\javapath;C:\Program Files (x86)\Microsoft Visual Studio 14.0\Common7\IDE\Extensions\Microsoft\Windows Azure Tools\Docker\;C:\Program Files (x86)\NVIDIA Corporation\PhysX\Common;C:\Python27\;C:\Python27\Scripts;C:\WINDOWS\system32;C:\WINDOWS;C:\WINDOWS\System32\Wbem;C:\WINDOWS\System32\WindowsPowerShell\v1.0\;C:\Program Files (x86)\Windows Kits\8.1\Windows Performance Toolkit\;C:\Program Files\Microsoft SQL Server\110\Tools\Binn\;C:\Program Files (x86)\Microsoft SDKs\TypeScript\1.0\;C:\Program Files (x86)\GtkSharp\2.12\bin;C:\Program Files (x86)\Skype\Phone\;C:\Program Files (x86)\nodejs\;C:\Program Files (x86)\Windows Kits\10\Windows Performance Toolkit\;C:\Program Files\Microsoft\Web Platform Installer\;C:\Go\bin;C:\Program Files\Microsoft SQL Server\120\Tools\Binn\;C:\Program Files\Microsoft SQL Server\130\Tools\Binn\;C:\Program Files\dotnet\;C:\Program Files\Git\cmd;C:\Program Files (x86)\Heroku\bin;C:\Program Files (x86)\Git\cmd;C:\Users\Misha\.dnx\bin;C:\Users\Misha\AppData\Roaming\npm;G:\qt\5.5\msvc2013_64\plugins\sqldrivers;C:\Program Files\Docker Toolbox;C:\Program Files (x86)\Microsoft VS Code\bin;C:\Program Files (x86)\Microsoft VS Code Insiders\bin
10 verbose lifecycle vue-ts-test@1.0.0~start: CWD: F:\sensorySource\vueTest
11 silly lifecycle vue-ts-test@1.0.0~start: Args: [ '/d /s /c', 'npm run server:dev' ]
12 silly lifecycle vue-ts-test@1.0.0~start: Returned: code: 3221225786  signal: null
13 info lifecycle vue-ts-test@1.0.0~start: Failed to exec start script
14 verbose stack Error: vue-ts-test@1.0.0 start: `npm run server:dev`
14 verbose stack Exit status 3221225786
14 verbose stack     at EventEmitter.<anonymous> (C:\Users\Misha\AppData\Roaming\npm\node_modules\npm\lib\utils\lifecycle.js:279:16)
14 verbose stack     at emitTwo (events.js:87:13)
14 verbose stack     at EventEmitter.emit (events.js:172:7)
14 verbose stack     at ChildProcess.<anonymous> (C:\Users\Misha\AppData\Roaming\npm\node_modules\npm\lib\utils\spawn.js:40:14)
14 verbose stack     at emitTwo (events.js:87:13)
14 verbose stack     at ChildProcess.emit (events.js:172:7)
14 verbose stack     at maybeClose (internal/child_process.js:821:16)
14 verbose stack     at Process.ChildProcess._handle.onexit (internal/child_process.js:211:5)
15 verbose pkgid vue-ts-test@1.0.0
16 verbose cwd F:\sensorySource\vueTest
17 error Windows_NT 10.0.10586
18 error argv "C:\\Program Files (x86)\\nodejs\\node.exe" "C:\\Users\\Misha\\AppData\\Roaming\\npm\\node_modules\\npm\\bin\\npm-cli.js" "start"
19 error node v4.3.0
20 error npm  v4.0.3
21 error code ELIFECYCLE
22 error vue-ts-test@1.0.0 start: `npm run server:dev`
22 error Exit status 3221225786
23 error Failed at the vue-ts-test@1.0.0 start script 'npm run server:dev'.
23 error Make sure you have the latest version of node.js and npm installed.
23 error If you do, this is most likely a problem with the vue-ts-test package,
23 error not with npm itself.
23 error Tell the author that this fails on your system:
23 error     npm run server:dev
23 error You can get information on how to open an issue for this project with:
23 error     npm bugs vue-ts-test
23 error Or if that isn't available, you can get their info via:
23 error     npm owner ls vue-ts-test
23 error There is likely additional logging output above.
24 verbose exit [ 1, true ]
